Arguments: 
  /opt/homebrew/Cellar/node/17.4.0/bin/node /opt/homebrew/Cellar/yarn/1.22.17_2/libexec/bin/yarn.js dev:backend

PATH: 
  /opt/homebrew/bin:/opt/homebrew/sbin:/usr/local/bin:/usr/bin:/bin:/usr/sbin:/sbin:/opt/homebrew/bin:/opt/homebrew/sbin

Yarn version: 
  1.22.17

Node version: 
  17.4.0

Platform: 
  darwin arm64

Trace: 
  SyntaxError: /Users/neruzan/Desktop/concordia-bootcamps/finalproject/package.json: Unexpected string in JSON at position 195
      at JSON.parse (<anonymous>)
      at /opt/homebrew/Cellar/yarn/1.22.17_2/libexec/lib/cli.js:1625:59
      at Generator.next (<anonymous>)
      at step (/opt/homebrew/Cellar/yarn/1.22.17_2/libexec/lib/cli.js:310:30)
      at /opt/homebrew/Cellar/yarn/1.22.17_2/libexec/lib/cli.js:321:13

npm manifest: 
  {
    "name": "finalproject",
    "version": "1.0.0",
    "description": "",
    "main": "index.js",
    "scripts": {
      "client-install": "npm install --prefix client",
      "start": "node server.js"
      "dev:backend": "nodemon server.js"
    },
    "repository": {
      "type": "git",
      "url": "git+https://github.com/neruzan/finalproject.git"
    },
    "author": "",
    "license": "ISC",
    "bugs": {
      "url": "https://github.com/neruzan/finalproject/issues"
    },
    "homepage": "https://github.com/neruzan/finalproject#readme",
    "dependencies": {
      "express": "^4.17.3",
      "mongoose": "^6.3.0",
      "nodemon": "^2.0.15"
    }
  }

yarn manifest: 
  No manifest

Lockfile: 
  No lockfile
